[debug] [2021-11-01T04:25:34.967Z] ----------------------------------------------------------------------
[debug] [2021-11-01T04:25:34.971Z] Command:       C:\Program Files\nodejs\node.exe C:\Users\DELL\AppData\Roaming\npm\node_modules\firebase-tools\lib\bin\firebase.js init
[debug] [2021-11-01T04:25:34.971Z] CLI Version:   9.21.0
[debug] [2021-11-01T04:25:34.971Z] Platform:      win32
[debug] [2021-11-01T04:25:34.971Z] Node Version:  v14.16.0
[debug] [2021-11-01T04:25:34.973Z] Time:          Mon Nov 01 2021 11:25:34 GMT+0700 (Indochina Time)
[debug] [2021-11-01T04:25:34.973Z] ----------------------------------------------------------------------
[debug] 
[debug] [2021-11-01T04:25:34.977Z] >>> [apiv2][query] GET https://firebase-public.firebaseio.com/cli.json [none]
[debug] [2021-11-01T04:25:35.094Z] > command requires scopes: ["email","openid","https://www.googleapis.com/auth/cloudplatformprojects.readonly","https://www.googleapis.com/auth/firebase","https://www.googleapis.com/auth/cloud-platform"]
[debug] [2021-11-01T04:25:35.094Z] > authorizing via signed-in user (nkokviper123@gmail.com)
[info] 
     ######## #### ########  ######## ########     ###     ######  ########
     ##        ##  ##     ## ##       ##     ##  ##   ##  ##       ##
     ######    ##  ########  ######   ########  #########  ######  ######
     ##        ##  ##    ##  ##       ##     ## ##     ##       ## ##
     ##       #### ##     ## ######## ########  ##     ##  ######  ########

You're about to initialize a Firebase project in this directory:

  C:\Users\DELL\Desktop\vscode\chatapp\react-chat-app

Before we get started, keep in mind:

  * You are initializing within an existing Firebase project directory

[debug] [2021-11-01T04:25:35.904Z] <<< [apiv2][status] GET https://firebase-public.firebaseio.com/cli.json 200
[debug] [2021-11-01T04:25:35.905Z] <<< [apiv2][body] GET https://firebase-public.firebaseio.com/cli.json {"cloudBuildErrorAfter":1594252800000,"cloudBuildWarnAfter":1590019200000,"defaultNode10After":1594252800000,"minVersion":"3.0.5","node8DeploysDisabledAfter":1613390400000,"node8RuntimeDisabledAfter":1615809600000,"node8WarnAfter":1600128000000}
[info] 
=== Project Setup
[info] 
[info] First, let's associate this project directory with a Firebase project.
[info] You can create multiple project aliases by running firebase use --add, 
[info] but for now we'll just set up a default project.
[info] 
[info] i  .firebaserc already has a default project, using react-chat-app-14bbc. 
[debug] [2021-11-01T04:25:50.264Z] > refreshing access token with scopes: []
[debug] [2021-11-01T04:25:50.265Z] >>> HTTP REQUEST POST https://www.googleapis.com/oauth2/v3/token  
 <request body omitted>
[debug] [2021-11-01T04:25:50.522Z] <<< HTTP RESPONSE 200 {"date":"Mon, 01 Nov 2021 04:25:51 GMT","cache-control":"no-cache, no-store, max-age=0, must-revalidate","pragma":"no-cache","expires":"Mon, 01 Jan 1990 00:00:00 GMT","content-type":"application/json; charset=utf-8","vary":"X-Origin, Referer, Origin,Accept-Encoding","server":"scaffolding on HTTPServer2","x-xss-protection":"0","x-frame-options":"SAMEORIGIN","x-content-type-options":"nosniff","alt-svc":"h3=\":443\"; ma=2592000,h3-29=\":443\"; ma=2592000,h3-Q050=\":443\"; ma=2592000,h3-Q046=\":443\"; ma=2592000,h3-Q043=\":443\"; ma=2592000,quic=\":443\"; ma=2592000; v=\"46,43\"","accept-ranges":"none","transfer-encoding":"chunked"}
[debug] [2021-11-01T04:25:50.540Z] >>> [apiv2][query] GET https://firebase.googleapis.com/v1beta1/projects/react-chat-app-14bbc [none]
[debug] [2021-11-01T04:25:51.073Z] <<< [apiv2][status] GET https://firebase.googleapis.com/v1beta1/projects/react-chat-app-14bbc 200
[debug] [2021-11-01T04:25:51.073Z] <<< [apiv2][body] GET https://firebase.googleapis.com/v1beta1/projects/react-chat-app-14bbc {"projectId":"react-chat-app-14bbc","projectNumber":"124536530115","displayName":"react-chat-app","name":"projects/react-chat-app-14bbc","resources":{"hostingSite":"react-chat-app-14bbc","storageBucket":"react-chat-app-14bbc.appspot.com","locationId":"asia-southeast2"},"state":"ACTIVE"}
[info] 
=== Firestore Setup
[debug] [2021-11-01T04:25:51.079Z] > refreshing access token with scopes: ["email","https://www.googleapis.com/auth/cloud-platform","https://www.googleapis.com/auth/cloudplatformprojects.readonly","https://www.googleapis.com/auth/firebase","openid"]
[debug] [2021-11-01T04:25:51.080Z] >>> HTTP REQUEST POST https://www.googleapis.com/oauth2/v3/token  
 <request body omitted>
[debug] [2021-11-01T04:25:51.281Z] <<< HTTP RESPONSE 200 {"cache-control":"no-cache, no-store, max-age=0, must-revalidate","expires":"Mon, 01 Jan 1990 00:00:00 GMT","date":"Mon, 01 Nov 2021 04:25:52 GMT","pragma":"no-cache","content-type":"application/json; charset=utf-8","vary":"X-Origin, Referer, Origin,Accept-Encoding","server":"scaffolding on HTTPServer2","x-xss-protection":"0","x-frame-options":"SAMEORIGIN","x-content-type-options":"nosniff","alt-svc":"h3=\":443\"; ma=2592000,h3-29=\":443\"; ma=2592000,h3-Q050=\":443\"; ma=2592000,h3-Q046=\":443\"; ma=2592000,h3-Q043=\":443\"; ma=2592000,quic=\":443\"; ma=2592000; v=\"46,43\"","accept-ranges":"none","transfer-encoding":"chunked"}
[debug] [2021-11-01T04:25:51.300Z] >>> HTTP REQUEST GET https://serviceusage.googleapis.com/v1/projects/react-chat-app-14bbc/services/firestore.googleapis.com  
 
[debug] [2021-11-01T04:25:52.755Z] <<< HTTP RESPONSE 200 {"content-type":"application/json; charset=UTF-8","vary":"X-Origin, Referer, Origin,Accept-Encoding","date":"Mon, 01 Nov 2021 04:25:53 GMT","server":"ESF","cache-control":"private","x-xss-protection":"0","x-frame-options":"SAMEORIGIN","x-content-type-options":"nosniff","alt-svc":"h3=\":443\"; ma=2592000,h3-29=\":443\"; ma=2592000,h3-Q050=\":443\"; ma=2592000,h3-Q046=\":443\"; ma=2592000,h3-Q043=\":443\"; ma=2592000,quic=\":443\"; ma=2592000; v=\"46,43\"","accept-ranges":"none","transfer-encoding":"chunked"}
[debug] [2021-11-01T04:25:52.757Z] >>> HTTP REQUEST GET https://appengine.googleapis.com/v1/apps/react-chat-app-14bbc  
 
[debug] [2021-11-01T04:25:53.151Z] <<< HTTP RESPONSE 200 {"content-type":"application/json; charset=UTF-8","vary":"X-Origin, Referer, Origin,Accept-Encoding","date":"Mon, 01 Nov 2021 04:25:54 GMT","server":"ESF","cache-control":"private","x-xss-protection":"0","x-frame-options":"SAMEORIGIN","x-content-type-options":"nosniff","alt-svc":"h3=\":443\"; ma=2592000,h3-29=\":443\"; ma=2592000,h3-Q050=\":443\"; ma=2592000,h3-Q046=\":443\"; ma=2592000,h3-Q043=\":443\"; ma=2592000,quic=\":443\"; ma=2592000; v=\"46,43\"","accept-ranges":"none","transfer-encoding":"chunked"}
[debug] [2021-11-01T04:25:53.152Z] database_type: CLOUD_FIRESTORE
[debug] [2021-11-01T04:25:53.154Z] > command requires scopes: ["email","openid","https://www.googleapis.com/auth/cloudplatformprojects.readonly","https://www.googleapis.com/auth/firebase","https://www.googleapis.com/auth/cloud-platform"]
[debug] [2021-11-01T04:25:53.154Z] > authorizing via signed-in user (nkokviper123@gmail.com)
[debug] [2021-11-01T04:25:53.155Z] [iam] checking project react-chat-app-14bbc for permissions ["firebase.projects.get"]
[debug] [2021-11-01T04:25:53.157Z] >>> HTTP REQUEST POST https://cloudresourcemanager.googleapis.com/v1/projects/react-chat-app-14bbc:testIamPermissions  
 {"permissions":["firebase.projects.get"]}
[debug] [2021-11-01T04:25:54.202Z] <<< HTTP RESPONSE 200 {"content-type":"application/json; charset=UTF-8","vary":"X-Origin, Referer, Origin,Accept-Encoding","date":"Mon, 01 Nov 2021 04:25:55 GMT","server":"ESF","cache-control":"private","x-xss-protection":"0","x-frame-options":"SAMEORIGIN","x-content-type-options":"nosniff","server-timing":"gfet4t7; dur=820","alt-svc":"h3=\":443\"; ma=2592000,h3-29=\":443\"; ma=2592000,h3-Q050=\":443\"; ma=2592000,h3-Q046=\":443\"; ma=2592000,h3-Q043=\":443\"; ma=2592000,quic=\":443\"; ma=2592000; v=\"46,43\"","accept-ranges":"none","transfer-encoding":"chunked"}
[info] 
[info] Firestore Security Rules allow you to define how and when to allow
[info] requests. You can keep these rules in your project directory
[info] and publish them with firebase deploy.
[info] 
[debug] [2021-11-01T04:26:06.878Z] >>> HTTP REQUEST GET https://firebaserules.googleapis.com/v1/projects/react-chat-app-14bbc/releases?pageSize=10&pageToken=  
 
[debug] [2021-11-01T04:26:08.160Z] <<< HTTP RESPONSE 200 {"content-type":"application/json; charset=UTF-8","vary":"X-Origin, Referer, Origin,Accept-Encoding","date":"Mon, 01 Nov 2021 04:26:09 GMT","server":"ESF","cache-control":"private","x-xss-protection":"0","x-frame-options":"SAMEORIGIN","x-content-type-options":"nosniff","alt-svc":"h3=\":443\"; ma=2592000,h3-29=\":443\"; ma=2592000,h3-Q050=\":443\"; ma=2592000,h3-Q046=\":443\"; ma=2592000,h3-Q043=\":443\"; ma=2592000,quic=\":443\"; ma=2592000; v=\"46,43\"","accept-ranges":"none","transfer-encoding":"chunked"}
[debug] [2021-11-01T04:26:08.165Z] Found ruleset: projects/react-chat-app-14bbc/rulesets/4027eaf8-3c4e-4395-b347-95b59f712473
[debug] [2021-11-01T04:26:08.166Z] >>> HTTP REQUEST GET https://firebaserules.googleapis.com/v1/projects/react-chat-app-14bbc/rulesets/4027eaf8-3c4e-4395-b347-95b59f712473  
 
[debug] [2021-11-01T04:26:09.320Z] <<< HTTP RESPONSE 200 {"content-type":"application/json; charset=UTF-8","vary":"X-Origin, Referer, Origin,Accept-Encoding","date":"Mon, 01 Nov 2021 04:26:10 GMT","server":"ESF","cache-control":"private","x-xss-protection":"0","x-frame-options":"SAMEORIGIN","x-content-type-options":"nosniff","alt-svc":"h3=\":443\"; ma=2592000,h3-29=\":443\"; ma=2592000,h3-Q050=\":443\"; ma=2592000,h3-Q046=\":443\"; ma=2592000,h3-Q043=\":443\"; ma=2592000,quic=\":443\"; ma=2592000; v=\"46,43\"","accept-ranges":"none","transfer-encoding":"chunked"}
[info] 
[info] Firestore indexes allow you to perform complex queries while
[info] maintaining performance that scales with the size of the result
[info] set. You can keep index definitions in your project directory
[info] and publish them with firebase deploy.
[info] 
[debug] [2021-11-01T04:26:21.269Z] >>> HTTP REQUEST GET https://firestore.googleapis.com/v1/projects/react-chat-app-14bbc/databases/(default)/collectionGroups/-/indexes  
 
[debug] [2021-11-01T04:26:21.270Z] >>> HTTP REQUEST GET https://firestore.googleapis.com/v1/projects/react-chat-app-14bbc/databases/(default)/collectionGroups/-/fields?filter=indexConfig.usesAncestorConfig=false  
 
[debug] [2021-11-01T04:26:21.893Z] <<< HTTP RESPONSE 200 {"content-type":"application/json; charset=UTF-8","vary":"X-Origin, Referer, Origin,Accept-Encoding","date":"Mon, 01 Nov 2021 04:26:22 GMT","server":"ESF","cache-control":"private","x-xss-protection":"0","x-frame-options":"SAMEORIGIN","x-content-type-options":"nosniff","alt-svc":"h3=\":443\"; ma=2592000,h3-29=\":443\"; ma=2592000,h3-Q050=\":443\"; ma=2592000,h3-Q046=\":443\"; ma=2592000,h3-Q043=\":443\"; ma=2592000,quic=\":443\"; ma=2592000; v=\"46,43\"","accept-ranges":"none","transfer-encoding":"chunked"}
[debug] [2021-11-01T04:26:21.932Z] <<< HTTP RESPONSE 200 {"content-type":"application/json; charset=UTF-8","vary":"X-Origin, Referer, Origin,Accept-Encoding","date":"Mon, 01 Nov 2021 04:26:22 GMT","server":"ESF","cache-control":"private","x-xss-protection":"0","x-frame-options":"SAMEORIGIN","x-content-type-options":"nosniff","alt-svc":"h3=\":443\"; ma=2592000,h3-29=\":443\"; ma=2592000,h3-Q050=\":443\"; ma=2592000,h3-Q046=\":443\"; ma=2592000,h3-Q043=\":443\"; ma=2592000,quic=\":443\"; ma=2592000; v=\"46,43\"","accept-ranges":"none","transfer-encoding":"chunked"}
[info] 
=== Hosting Setup
[info] 
[info] Your public directory is the folder (relative to your project directory) that
[info] will contain Hosting assets to be uploaded with firebase deploy. If you
[info] have a build process for your assets, use your build's output directory.
[info] 
